DEBUG - 2025-10-02 01:51:10 --> Session: Class initialized using 'CodeIgniter\Session\Handlers\FileHandler' driver.
DEBUG - 2025-10-02 01:51:16 --> Session: Class initialized using 'CodeIgniter\Session\Handlers\FileHandler' driver.
DEBUG - 2025-10-02 01:51:16 --> Session: Class initialized using 'CodeIgniter\Session\Handlers\FileHandler' driver.
DEBUG - 2025-10-02 01:51:30 --> Session: Class initialized using 'CodeIgniter\Session\Handlers\FileHandler' driver.
DEBUG - 2025-10-02 01:51:30 --> Session: Class initialized using 'CodeIgniter\Session\Handlers\FileHandler' driver.
DEBUG - 2025-10-02 01:51:47 --> Session: Class initialized using 'CodeIgniter\Session\Handlers\FileHandler' driver.
DEBUG - 2025-10-02 01:51:47 --> Session: Class initialized using 'CodeIgniter\Session\Handlers\FileHandler' driver.
DEBUG - 2025-10-02 01:51:55 --> Session: Class initialized using 'CodeIgniter\Session\Handlers\FileHandler' driver.
DEBUG - 2025-10-02 01:51:55 --> Session: Class initialized using 'CodeIgniter\Session\Handlers\FileHandler' driver.
DEBUG - 2025-10-02 02:00:33 --> Session: Class initialized using 'CodeIgniter\Session\Handlers\FileHandler' driver.
DEBUG - 2025-10-02 02:00:39 --> Session: Class initialized using 'CodeIgniter\Session\Handlers\FileHandler' driver.
DEBUG - 2025-10-02 02:00:39 --> Session: Class initialized using 'CodeIgniter\Session\Handlers\FileHandler' driver.
DEBUG - 2025-10-02 02:00:51 --> Session: Class initialized using 'CodeIgniter\Session\Handlers\FileHandler' driver.
DEBUG - 2025-10-02 02:00:51 --> Session: Class initialized using 'CodeIgniter\Session\Handlers\FileHandler' driver.
DEBUG - 2025-10-02 02:01:25 --> Session: Class initialized using 'CodeIgniter\Session\Handlers\FileHandler' driver.
DEBUG - 2025-10-02 02:01:26 --> Session: Class initialized using 'CodeIgniter\Session\Handlers\FileHandler' driver.
DEBUG - 2025-10-02 02:01:29 --> Session: Class initialized using 'CodeIgniter\Session\Handlers\FileHandler' driver.
DEBUG - 2025-10-02 03:45:15 --> Session: Class initialized using 'CodeIgniter\Session\Handlers\FileHandler' driver.
DEBUG - 2025-10-02 03:45:15 --> Session: Class initialized using 'CodeIgniter\Session\Handlers\FileHandler' driver.
DEBUG - 2025-10-02 03:45:18 --> Session: Class initialized using 'CodeIgniter\Session\Handlers\FileHandler' driver.
DEBUG - 2025-10-02 03:45:18 --> Session: Class initialized using 'CodeIgniter\Session\Handlers\FileHandler' driver.
DEBUG - 2025-10-02 03:45:23 --> Session: Class initialized using 'CodeIgniter\Session\Handlers\FileHandler' driver.
DEBUG - 2025-10-02 03:45:23 --> Session: Class initialized using 'CodeIgniter\Session\Handlers\FileHandler' driver.
DEBUG - 2025-10-02 03:45:28 --> Session: Class initialized using 'CodeIgniter\Session\Handlers\FileHandler' driver.
CRITICAL - 2025-10-02 03:45:33 --> CodeIgniter\Filters\Exceptions\FilterException: "admin" filter must have a matching alias defined.
[Method: GET, Route: anggota/create]
in SYSTEMPATH\Filters\Filters.php on line 590.
 1 SYSTEMPATH\Filters\Filters.php(590): CodeIgniter\Filters\Exceptions\FilterException::forNoAlias('admin')
 2 SYSTEMPATH\Filters\Filters.php(641): CodeIgniter\Filters\Filters->enableFilter('admin', 'before')
 3 SYSTEMPATH\CodeIgniter.php(467): CodeIgniter\Filters\Filters->enableFilters([...], 'before')
 4 SYSTEMPATH\CodeIgniter.php(354): CodeIgniter\CodeIgniter->handleRequest(null, Object(Config\Cache), false)
 5 SYSTEMPATH\Boot.php(363): CodeIgniter\CodeIgniter->run()
 6 SYSTEMPATH\Boot.php(68): CodeIgniter\Boot::runCodeIgniter(Object(CodeIgniter\CodeIgniter))
 7 FCPATH\index.php(59): CodeIgniter\Boot::bootWeb(Object(Config\Paths))
 8 SYSTEMPATH\rewrite.php(44): require_once('C:\\xampp\\htdocs\\Github\\DPR_241511072_2C_ErsyaHasbySatria\\public\\index.php')
DEBUG - 2025-10-02 03:45:48 --> Session: Class initialized using 'CodeIgniter\Session\Handlers\FileHandler' driver.
DEBUG - 2025-10-02 03:45:56 --> Session: Class initialized using 'CodeIgniter\Session\Handlers\FileHandler' driver.
DEBUG - 2025-10-02 04:25:44 --> AuthController initialized
DEBUG - 2025-10-02 04:25:44 --> Session: Class initialized using 'CodeIgniter\Session\Handlers\FileHandler' driver.
DEBUG - 2025-10-02 04:25:44 --> Rendering login view
DEBUG - 2025-10-02 04:25:58 --> AuthController initialized
DEBUG - 2025-10-02 04:25:58 --> Processing login request
DEBUG - 2025-10-02 04:25:58 --> Attempting to authenticate username: admin
ERROR - 2025-10-02 04:25:58 --> Failed to connect to database
ERROR - 2025-10-02 04:25:58 --> Database error in authenticate: Unable to connect to the database
DEBUG - 2025-10-02 04:25:58 --> Session: Class initialized using 'CodeIgniter\Session\Handlers\FileHandler' driver.
ERROR - 2025-10-02 04:25:58 --> Login error: Unable to connect to the database
DEBUG - 2025-10-02 04:25:59 --> AuthController initialized
DEBUG - 2025-10-02 04:25:59 --> Session: Class initialized using 'CodeIgniter\Session\Handlers\FileHandler' driver.
DEBUG - 2025-10-02 04:25:59 --> Rendering login view
DEBUG - 2025-10-02 08:34:48 --> AuthController initialized
DEBUG - 2025-10-02 08:34:48 --> Session: Class initialized using 'CodeIgniter\Session\Handlers\FileHandler' driver.
DEBUG - 2025-10-02 08:34:48 --> Rendering login view
DEBUG - 2025-10-02 08:35:00 --> AuthController initialized
DEBUG - 2025-10-02 08:35:00 --> Processing login request
DEBUG - 2025-10-02 08:35:00 --> Attempting to authenticate username: admin
ERROR - 2025-10-02 08:35:00 --> Failed to connect to database
ERROR - 2025-10-02 08:35:00 --> Database error in authenticate: Unable to connect to the database
DEBUG - 2025-10-02 08:35:00 --> Session: Class initialized using 'CodeIgniter\Session\Handlers\FileHandler' driver.
ERROR - 2025-10-02 08:35:00 --> Login error: Unable to connect to the database
DEBUG - 2025-10-02 08:35:00 --> AuthController initialized
DEBUG - 2025-10-02 08:35:00 --> Session: Class initialized using 'CodeIgniter\Session\Handlers\FileHandler' driver.
DEBUG - 2025-10-02 08:35:00 --> Rendering login view
DEBUG - 2025-10-02 08:35:19 --> AuthController initialized
DEBUG - 2025-10-02 08:35:19 --> Processing login request
DEBUG - 2025-10-02 08:35:19 --> Attempting to authenticate username: citizen
ERROR - 2025-10-02 08:35:19 --> Failed to connect to database
ERROR - 2025-10-02 08:35:19 --> Database error in authenticate: Unable to connect to the database
DEBUG - 2025-10-02 08:35:19 --> Session: Class initialized using 'CodeIgniter\Session\Handlers\FileHandler' driver.
ERROR - 2025-10-02 08:35:19 --> Login error: Unable to connect to the database
DEBUG - 2025-10-02 08:35:19 --> AuthController initialized
DEBUG - 2025-10-02 08:35:19 --> Session: Class initialized using 'CodeIgniter\Session\Handlers\FileHandler' driver.
DEBUG - 2025-10-02 08:35:19 --> Rendering login view
DEBUG - 2025-10-02 08:45:18 --> AuthController initialized
DEBUG - 2025-10-02 08:45:18 --> Session: Class initialized using 'CodeIgniter\Session\Handlers\FileHandler' driver.
DEBUG - 2025-10-02 08:45:18 --> Rendering login view
DEBUG - 2025-10-02 09:03:33 --> AuthController initialized
DEBUG - 2025-10-02 09:03:33 --> Session: Class initialized using 'CodeIgniter\Session\Handlers\FileHandler' driver.
DEBUG - 2025-10-02 09:03:33 --> Rendering login view
DEBUG - 2025-10-02 09:03:40 --> AuthController initialized
DEBUG - 2025-10-02 09:03:40 --> Processing login request
DEBUG - 2025-10-02 09:03:40 --> Attempting to authenticate username: admin
ERROR - 2025-10-02 09:03:40 --> Failed to connect to database
ERROR - 2025-10-02 09:03:40 --> Database error in authenticate: Unable to connect to the database
DEBUG - 2025-10-02 09:03:40 --> Session: Class initialized using 'CodeIgniter\Session\Handlers\FileHandler' driver.
ERROR - 2025-10-02 09:03:40 --> Login error: Unable to connect to the database
DEBUG - 2025-10-02 09:03:40 --> AuthController initialized
DEBUG - 2025-10-02 09:03:40 --> Session: Class initialized using 'CodeIgniter\Session\Handlers\FileHandler' driver.
DEBUG - 2025-10-02 09:03:40 --> Rendering login view
