CRITICAL - 2025-10-03 08:37:11 --> CodeIgniter\Database\Exceptions\DatabaseException: Access denied for user ''@'localhost' (using password: NO)
[Method: GET, Route: /]
in SYSTEMPATH\Database\MySQLi\Connection.php on line 246.
 1 APPPATH\Controllers\Home.php(10): CodeIgniter\Database\MySQLi\Connection->connect()
 2 SYSTEMPATH\CodeIgniter.php(933): App\Controllers\Home->index()
 3 SYSTEMPATH\CodeIgniter.php(507): CodeIgniter\CodeIgniter->runController(Object(App\Controllers\Home))
 4 SYSTEMPATH\CodeIgniter.php(354): CodeIgniter\CodeIgniter->handleRequest(null, Object(Config\Cache), false)
 5 SYSTEMPATH\Boot.php(363): CodeIgniter\CodeIgniter->run()
 6 SYSTEMPATH\Boot.php(68): CodeIgniter\Boot::runCodeIgniter(Object(CodeIgniter\CodeIgniter))
 7 FCPATH\index.php(59): CodeIgniter\Boot::bootWeb(Object(Config\Paths))
 8 SYSTEMPATH\rewrite.php(44): require_once('C:\\xampp\\htdocs\\Github\\DPR_241511072_2C_ErsyaHasbySatria\\public\\index.php')
CRITICAL - 2025-10-03 08:37:11 --> [Caused by] mysqli_sql_exception: Access denied for user ''@'localhost' (using password: NO)
in SYSTEMPATH\Database\MySQLi\Connection.php on line 201.
 1 SYSTEMPATH\Database\MySQLi\Connection.php(201): mysqli->real_connect('localhost', '', Object(SensitiveParameterValue), '', 3306, '', 0)
 2 APPPATH\Controllers\Home.php(10): CodeIgniter\Database\MySQLi\Connection->connect()
 3 SYSTEMPATH\CodeIgniter.php(933): App\Controllers\Home->index()
 4 SYSTEMPATH\CodeIgniter.php(507): CodeIgniter\CodeIgniter->runController(Object(App\Controllers\Home))
 5 SYSTEMPATH\CodeIgniter.php(354): CodeIgniter\CodeIgniter->handleRequest(null, Object(Config\Cache), false)
 6 SYSTEMPATH\Boot.php(363): CodeIgniter\CodeIgniter->run()
 7 SYSTEMPATH\Boot.php(68): CodeIgniter\Boot::runCodeIgniter(Object(CodeIgniter\CodeIgniter))
 8 FCPATH\index.php(59): CodeIgniter\Boot::bootWeb(Object(Config\Paths))
 9 SYSTEMPATH\rewrite.php(44): require_once('C:\\xampp\\htdocs\\Github\\DPR_241511072_2C_ErsyaHasbySatria\\public\\index.php')
ERROR - 2025-10-03 13:05:31 --> Error connecting to the database: mysqli_sql_exception: Access denied for user ''@'localhost' (using password: NO) in C:\xampp\htdocs\Github\DPR_241511072_2C_ErsyaHasbySatria\system\Database\MySQLi\Connection.php:201
Stack trace:
#0 C:\xampp\htdocs\Github\DPR_241511072_2C_ErsyaHasbySatria\system\Database\MySQLi\Connection.php(201): mysqli->real_connect('localhost', '', Object(SensitiveParameterValue), '', 3306, '', 0)
#1 C:\xampp\htdocs\Github\DPR_241511072_2C_ErsyaHasbySatria\system\Database\BaseConnection.php(419): CodeIgniter\Database\MySQLi\Connection->connect(false)
#2 C:\xampp\htdocs\Github\DPR_241511072_2C_ErsyaHasbySatria\system\Database\BaseConnection.php(614): CodeIgniter\Database\BaseConnection->initialize()
#3 C:\xampp\htdocs\Github\DPR_241511072_2C_ErsyaHasbySatria\system\Database\BaseBuilder.php(1649): CodeIgniter\Database\BaseConnection->query('SELECT *\nFROM `...', Array, false)
#4 C:\xampp\htdocs\Github\DPR_241511072_2C_ErsyaHasbySatria\system\Model.php(330): CodeIgniter\Database\BaseBuilder->get()
#5 C:\xampp\htdocs\Github\DPR_241511072_2C_ErsyaHasbySatria\system\BaseModel.php(715): CodeIgniter\Model->doFirst()
#6 C:\xampp\htdocs\Github\DPR_241511072_2C_ErsyaHasbySatria\app\Models\PenggunaModel.php(15): CodeIgniter\BaseModel->first()
#7 C:\xampp\htdocs\Github\DPR_241511072_2C_ErsyaHasbySatria\app\Controllers\AuthController.php(42): App\Models\PenggunaModel->getUserByUsername('admin')
#8 C:\xampp\htdocs\Github\DPR_241511072_2C_ErsyaHasbySatria\system\CodeIgniter.php(933): App\Controllers\AuthController->processLogin()
#9 C:\xampp\htdocs\Github\DPR_241511072_2C_ErsyaHasbySatria\system\CodeIgniter.php(507): CodeIgniter\CodeIgniter->runController(Object(App\Controllers\AuthController))
#10 C:\xampp\htdocs\Github\DPR_241511072_2C_ErsyaHasbySatria\system\CodeIgniter.php(354): CodeIgniter\CodeIgniter->handleRequest(NULL, Object(Config\Cache), false)
#11 C:\xampp\htdocs\Github\DPR_241511072_2C_ErsyaHasbySatria\system\Boot.php(363): CodeIgniter\CodeIgniter->run()
#12 C:\xampp\htdocs\Github\DPR_241511072_2C_ErsyaHasbySatria\system\Boot.php(68): CodeIgniter\Boot::runCodeIgniter(Object(CodeIgniter\CodeIgniter))
#13 C:\xampp\htdocs\Github\DPR_241511072_2C_ErsyaHasbySatria\public\index.php(59): CodeIgniter\Boot::bootWeb(Object(Config\Paths))
#14 C:\xampp\htdocs\Github\DPR_241511072_2C_ErsyaHasbySatria\system\rewrite.php(44): require_once('C:\\xampp\\htdocs...')
#15 {main}

Next CodeIgniter\Database\Exceptions\DatabaseException: Access denied for user ''@'localhost' (using password: NO) in C:\xampp\htdocs\Github\DPR_241511072_2C_ErsyaHasbySatria\system\Database\MySQLi\Connection.php:246
Stack trace:
#0 C:\xampp\htdocs\Github\DPR_241511072_2C_ErsyaHasbySatria\system\Database\BaseConnection.php(419): CodeIgniter\Database\MySQLi\Connection->connect(false)
#1 C:\xampp\htdocs\Github\DPR_241511072_2C_ErsyaHasbySatria\system\Database\BaseConnection.php(614): CodeIgniter\Database\BaseConnection->initialize()
#2 C:\xampp\htdocs\Github\DPR_241511072_2C_ErsyaHasbySatria\system\Database\BaseBuilder.php(1649): CodeIgniter\Database\BaseConnection->query('SELECT *\nFROM `...', Array, false)
#3 C:\xampp\htdocs\Github\DPR_241511072_2C_ErsyaHasbySatria\system\Model.php(330): CodeIgniter\Database\BaseBuilder->get()
#4 C:\xampp\htdocs\Github\DPR_241511072_2C_ErsyaHasbySatria\system\BaseModel.php(715): CodeIgniter\Model->doFirst()
#5 C:\xampp\htdocs\Github\DPR_241511072_2C_ErsyaHasbySatria\app\Models\PenggunaModel.php(15): CodeIgniter\BaseModel->first()
#6 C:\xampp\htdocs\Github\DPR_241511072_2C_ErsyaHasbySatria\app\Controllers\AuthController.php(42): App\Models\PenggunaModel->getUserByUsername('admin')
#7 C:\xampp\htdocs\Github\DPR_241511072_2C_ErsyaHasbySatria\system\CodeIgniter.php(933): App\Controllers\AuthController->processLogin()
#8 C:\xampp\htdocs\Github\DPR_241511072_2C_ErsyaHasbySatria\system\CodeIgniter.php(507): CodeIgniter\CodeIgniter->runController(Object(App\Controllers\AuthController))
#9 C:\xampp\htdocs\Github\DPR_241511072_2C_ErsyaHasbySatria\system\CodeIgniter.php(354): CodeIgniter\CodeIgniter->handleRequest(NULL, Object(Config\Cache), false)
#10 C:\xampp\htdocs\Github\DPR_241511072_2C_ErsyaHasbySatria\system\Boot.php(363): CodeIgniter\CodeIgniter->run()
#11 C:\xampp\htdocs\Github\DPR_241511072_2C_ErsyaHasbySatria\system\Boot.php(68): CodeIgniter\Boot::runCodeIgniter(Object(CodeIgniter\CodeIgniter))
#12 C:\xampp\htdocs\Github\DPR_241511072_2C_ErsyaHasbySatria\public\index.php(59): CodeIgniter\Boot::bootWeb(Object(Config\Paths))
#13 C:\xampp\htdocs\Github\DPR_241511072_2C_ErsyaHasbySatria\system\rewrite.php(44): require_once('C:\\xampp\\htdocs...')
#14 {main}
CRITICAL - 2025-10-03 13:05:31 --> CodeIgniter\Database\Exceptions\DatabaseException: Unable to connect to the database.
Main connection [MySQLi]: Access denied for user ''@'localhost' (using password: NO)
[Method: POST, Route: login]
in SYSTEMPATH\Database\BaseConnection.php on line 465.
 1 SYSTEMPATH\Database\BaseConnection.php(614): CodeIgniter\Database\BaseConnection->initialize()
 2 SYSTEMPATH\Database\BaseBuilder.php(1649): CodeIgniter\Database\BaseConnection->query('SELECT *
FROM `pengguna`
WHERE `username` = :username:
 LIMIT 1', [...], false)
 3 SYSTEMPATH\Model.php(330): CodeIgniter\Database\BaseBuilder->get()
 4 SYSTEMPATH\BaseModel.php(715): CodeIgniter\Model->doFirst()
 5 APPPATH\Models\PenggunaModel.php(15): CodeIgniter\BaseModel->first()
 6 APPPATH\Controllers\AuthController.php(42): App\Models\PenggunaModel->getUserByUsername('admin')
 7 SYSTEMPATH\CodeIgniter.php(933): App\Controllers\AuthController->processLogin()
 8 SYSTEMPATH\CodeIgniter.php(507): CodeIgniter\CodeIgniter->runController(Object(App\Controllers\AuthController))
 9 SYSTEMPATH\CodeIgniter.php(354): CodeIgniter\CodeIgniter->handleRequest(null, Object(Config\Cache), false)
10 SYSTEMPATH\Boot.php(363): CodeIgniter\CodeIgniter->run()
11 SYSTEMPATH\Boot.php(68): CodeIgniter\Boot::runCodeIgniter(Object(CodeIgniter\CodeIgniter))
12 FCPATH\index.php(59): CodeIgniter\Boot::bootWeb(Object(Config\Paths))
13 SYSTEMPATH\rewrite.php(44): require_once('C:\\xampp\\htdocs\\Github\\DPR_241511072_2C_ErsyaHasbySatria\\public\\index.php')
ERROR - 2025-10-03 13:07:45 --> Error connecting to the database: mysqli_sql_exception: Access denied for user ''@'localhost' (using password: NO) in C:\xampp\htdocs\Github\DPR_241511072_2C_ErsyaHasbySatria\system\Database\MySQLi\Connection.php:201
Stack trace:
#0 C:\xampp\htdocs\Github\DPR_241511072_2C_ErsyaHasbySatria\system\Database\MySQLi\Connection.php(201): mysqli->real_connect('localhost', '', Object(SensitiveParameterValue), '', 3306, '', 0)
#1 C:\xampp\htdocs\Github\DPR_241511072_2C_ErsyaHasbySatria\system\Database\BaseConnection.php(419): CodeIgniter\Database\MySQLi\Connection->connect(false)
#2 C:\xampp\htdocs\Github\DPR_241511072_2C_ErsyaHasbySatria\system\Database\BaseConnection.php(614): CodeIgniter\Database\BaseConnection->initialize()
#3 C:\xampp\htdocs\Github\DPR_241511072_2C_ErsyaHasbySatria\system\Database\BaseBuilder.php(1649): CodeIgniter\Database\BaseConnection->query('SELECT *\nFROM `...', Array, false)
#4 C:\xampp\htdocs\Github\DPR_241511072_2C_ErsyaHasbySatria\system\Model.php(330): CodeIgniter\Database\BaseBuilder->get()
#5 C:\xampp\htdocs\Github\DPR_241511072_2C_ErsyaHasbySatria\system\BaseModel.php(715): CodeIgniter\Model->doFirst()
#6 C:\xampp\htdocs\Github\DPR_241511072_2C_ErsyaHasbySatria\app\Models\PenggunaModel.php(15): CodeIgniter\BaseModel->first()
#7 C:\xampp\htdocs\Github\DPR_241511072_2C_ErsyaHasbySatria\app\Controllers\AuthController.php(42): App\Models\PenggunaModel->getUserByUsername('admin')
#8 C:\xampp\htdocs\Github\DPR_241511072_2C_ErsyaHasbySatria\system\CodeIgniter.php(933): App\Controllers\AuthController->processLogin()
#9 C:\xampp\htdocs\Github\DPR_241511072_2C_ErsyaHasbySatria\system\CodeIgniter.php(507): CodeIgniter\CodeIgniter->runController(Object(App\Controllers\AuthController))
#10 C:\xampp\htdocs\Github\DPR_241511072_2C_ErsyaHasbySatria\system\CodeIgniter.php(354): CodeIgniter\CodeIgniter->handleRequest(NULL, Object(Config\Cache), false)
#11 C:\xampp\htdocs\Github\DPR_241511072_2C_ErsyaHasbySatria\system\Boot.php(363): CodeIgniter\CodeIgniter->run()
#12 C:\xampp\htdocs\Github\DPR_241511072_2C_ErsyaHasbySatria\system\Boot.php(68): CodeIgniter\Boot::runCodeIgniter(Object(CodeIgniter\CodeIgniter))
#13 C:\xampp\htdocs\Github\DPR_241511072_2C_ErsyaHasbySatria\public\index.php(59): CodeIgniter\Boot::bootWeb(Object(Config\Paths))
#14 C:\xampp\htdocs\Github\DPR_241511072_2C_ErsyaHasbySatria\system\rewrite.php(44): require_once('C:\\xampp\\htdocs...')
#15 {main}

Next CodeIgniter\Database\Exceptions\DatabaseException: Access denied for user ''@'localhost' (using password: NO) in C:\xampp\htdocs\Github\DPR_241511072_2C_ErsyaHasbySatria\system\Database\MySQLi\Connection.php:246
Stack trace:
#0 C:\xampp\htdocs\Github\DPR_241511072_2C_ErsyaHasbySatria\system\Database\BaseConnection.php(419): CodeIgniter\Database\MySQLi\Connection->connect(false)
#1 C:\xampp\htdocs\Github\DPR_241511072_2C_ErsyaHasbySatria\system\Database\BaseConnection.php(614): CodeIgniter\Database\BaseConnection->initialize()
#2 C:\xampp\htdocs\Github\DPR_241511072_2C_ErsyaHasbySatria\system\Database\BaseBuilder.php(1649): CodeIgniter\Database\BaseConnection->query('SELECT *\nFROM `...', Array, false)
#3 C:\xampp\htdocs\Github\DPR_241511072_2C_ErsyaHasbySatria\system\Model.php(330): CodeIgniter\Database\BaseBuilder->get()
#4 C:\xampp\htdocs\Github\DPR_241511072_2C_ErsyaHasbySatria\system\BaseModel.php(715): CodeIgniter\Model->doFirst()
#5 C:\xampp\htdocs\Github\DPR_241511072_2C_ErsyaHasbySatria\app\Models\PenggunaModel.php(15): CodeIgniter\BaseModel->first()
#6 C:\xampp\htdocs\Github\DPR_241511072_2C_ErsyaHasbySatria\app\Controllers\AuthController.php(42): App\Models\PenggunaModel->getUserByUsername('admin')
#7 C:\xampp\htdocs\Github\DPR_241511072_2C_ErsyaHasbySatria\system\CodeIgniter.php(933): App\Controllers\AuthController->processLogin()
#8 C:\xampp\htdocs\Github\DPR_241511072_2C_ErsyaHasbySatria\system\CodeIgniter.php(507): CodeIgniter\CodeIgniter->runController(Object(App\Controllers\AuthController))
#9 C:\xampp\htdocs\Github\DPR_241511072_2C_ErsyaHasbySatria\system\CodeIgniter.php(354): CodeIgniter\CodeIgniter->handleRequest(NULL, Object(Config\Cache), false)
#10 C:\xampp\htdocs\Github\DPR_241511072_2C_ErsyaHasbySatria\system\Boot.php(363): CodeIgniter\CodeIgniter->run()
#11 C:\xampp\htdocs\Github\DPR_241511072_2C_ErsyaHasbySatria\system\Boot.php(68): CodeIgniter\Boot::runCodeIgniter(Object(CodeIgniter\CodeIgniter))
#12 C:\xampp\htdocs\Github\DPR_241511072_2C_ErsyaHasbySatria\public\index.php(59): CodeIgniter\Boot::bootWeb(Object(Config\Paths))
#13 C:\xampp\htdocs\Github\DPR_241511072_2C_ErsyaHasbySatria\system\rewrite.php(44): require_once('C:\\xampp\\htdocs...')
#14 {main}
CRITICAL - 2025-10-03 13:07:45 --> CodeIgniter\Database\Exceptions\DatabaseException: Unable to connect to the database.
Main connection [MySQLi]: Access denied for user ''@'localhost' (using password: NO)
[Method: POST, Route: login]
in SYSTEMPATH\Database\BaseConnection.php on line 465.
 1 SYSTEMPATH\Database\BaseConnection.php(614): CodeIgniter\Database\BaseConnection->initialize()
 2 SYSTEMPATH\Database\BaseBuilder.php(1649): CodeIgniter\Database\BaseConnection->query('SELECT *
FROM `pengguna`
WHERE `username` = :username:
 LIMIT 1', [...], false)
 3 SYSTEMPATH\Model.php(330): CodeIgniter\Database\BaseBuilder->get()
 4 SYSTEMPATH\BaseModel.php(715): CodeIgniter\Model->doFirst()
 5 APPPATH\Models\PenggunaModel.php(15): CodeIgniter\BaseModel->first()
 6 APPPATH\Controllers\AuthController.php(42): App\Models\PenggunaModel->getUserByUsername('admin')
 7 SYSTEMPATH\CodeIgniter.php(933): App\Controllers\AuthController->processLogin()
 8 SYSTEMPATH\CodeIgniter.php(507): CodeIgniter\CodeIgniter->runController(Object(App\Controllers\AuthController))
 9 SYSTEMPATH\CodeIgniter.php(354): CodeIgniter\CodeIgniter->handleRequest(null, Object(Config\Cache), false)
10 SYSTEMPATH\Boot.php(363): CodeIgniter\CodeIgniter->run()
11 SYSTEMPATH\Boot.php(68): CodeIgniter\Boot::runCodeIgniter(Object(CodeIgniter\CodeIgniter))
12 FCPATH\index.php(59): CodeIgniter\Boot::bootWeb(Object(Config\Paths))
13 SYSTEMPATH\rewrite.php(44): require_once('C:\\xampp\\htdocs\\Github\\DPR_241511072_2C_ErsyaHasbySatria\\public\\index.php')
ERROR - 2025-10-03 13:10:13 --> Error connecting to the database: mysqli_sql_exception: Access denied for user ''@'localhost' (using password: NO) in C:\xampp\htdocs\Github\DPR_241511072_2C_ErsyaHasbySatria\system\Database\MySQLi\Connection.php:201
Stack trace:
#0 C:\xampp\htdocs\Github\DPR_241511072_2C_ErsyaHasbySatria\system\Database\MySQLi\Connection.php(201): mysqli->real_connect('localhost', '', Object(SensitiveParameterValue), '', 3306, '', 0)
#1 C:\xampp\htdocs\Github\DPR_241511072_2C_ErsyaHasbySatria\system\Database\BaseConnection.php(419): CodeIgniter\Database\MySQLi\Connection->connect(false)
#2 C:\xampp\htdocs\Github\DPR_241511072_2C_ErsyaHasbySatria\system\Database\BaseConnection.php(614): CodeIgniter\Database\BaseConnection->initialize()
#3 C:\xampp\htdocs\Github\DPR_241511072_2C_ErsyaHasbySatria\system\Database\BaseBuilder.php(1649): CodeIgniter\Database\BaseConnection->query('SELECT *\nFROM `...', Array, false)
#4 C:\xampp\htdocs\Github\DPR_241511072_2C_ErsyaHasbySatria\system\Model.php(330): CodeIgniter\Database\BaseBuilder->get()
#5 C:\xampp\htdocs\Github\DPR_241511072_2C_ErsyaHasbySatria\system\BaseModel.php(715): CodeIgniter\Model->doFirst()
#6 C:\xampp\htdocs\Github\DPR_241511072_2C_ErsyaHasbySatria\app\Models\PenggunaModel.php(15): CodeIgniter\BaseModel->first()
#7 C:\xampp\htdocs\Github\DPR_241511072_2C_ErsyaHasbySatria\app\Controllers\AuthController.php(42): App\Models\PenggunaModel->getUserByUsername('admin')
#8 C:\xampp\htdocs\Github\DPR_241511072_2C_ErsyaHasbySatria\system\CodeIgniter.php(933): App\Controllers\AuthController->processLogin()
#9 C:\xampp\htdocs\Github\DPR_241511072_2C_ErsyaHasbySatria\system\CodeIgniter.php(507): CodeIgniter\CodeIgniter->runController(Object(App\Controllers\AuthController))
#10 C:\xampp\htdocs\Github\DPR_241511072_2C_ErsyaHasbySatria\system\CodeIgniter.php(354): CodeIgniter\CodeIgniter->handleRequest(NULL, Object(Config\Cache), false)
#11 C:\xampp\htdocs\Github\DPR_241511072_2C_ErsyaHasbySatria\system\Boot.php(363): CodeIgniter\CodeIgniter->run()
#12 C:\xampp\htdocs\Github\DPR_241511072_2C_ErsyaHasbySatria\system\Boot.php(68): CodeIgniter\Boot::runCodeIgniter(Object(CodeIgniter\CodeIgniter))
#13 C:\xampp\htdocs\Github\DPR_241511072_2C_ErsyaHasbySatria\public\index.php(59): CodeIgniter\Boot::bootWeb(Object(Config\Paths))
#14 C:\xampp\htdocs\Github\DPR_241511072_2C_ErsyaHasbySatria\system\rewrite.php(44): require_once('C:\\xampp\\htdocs...')
#15 {main}

Next CodeIgniter\Database\Exceptions\DatabaseException: Access denied for user ''@'localhost' (using password: NO) in C:\xampp\htdocs\Github\DPR_241511072_2C_ErsyaHasbySatria\system\Database\MySQLi\Connection.php:246
Stack trace:
#0 C:\xampp\htdocs\Github\DPR_241511072_2C_ErsyaHasbySatria\system\Database\BaseConnection.php(419): CodeIgniter\Database\MySQLi\Connection->connect(false)
#1 C:\xampp\htdocs\Github\DPR_241511072_2C_ErsyaHasbySatria\system\Database\BaseConnection.php(614): CodeIgniter\Database\BaseConnection->initialize()
#2 C:\xampp\htdocs\Github\DPR_241511072_2C_ErsyaHasbySatria\system\Database\BaseBuilder.php(1649): CodeIgniter\Database\BaseConnection->query('SELECT *\nFROM `...', Array, false)
#3 C:\xampp\htdocs\Github\DPR_241511072_2C_ErsyaHasbySatria\system\Model.php(330): CodeIgniter\Database\BaseBuilder->get()
#4 C:\xampp\htdocs\Github\DPR_241511072_2C_ErsyaHasbySatria\system\BaseModel.php(715): CodeIgniter\Model->doFirst()
#5 C:\xampp\htdocs\Github\DPR_241511072_2C_ErsyaHasbySatria\app\Models\PenggunaModel.php(15): CodeIgniter\BaseModel->first()
#6 C:\xampp\htdocs\Github\DPR_241511072_2C_ErsyaHasbySatria\app\Controllers\AuthController.php(42): App\Models\PenggunaModel->getUserByUsername('admin')
#7 C:\xampp\htdocs\Github\DPR_241511072_2C_ErsyaHasbySatria\system\CodeIgniter.php(933): App\Controllers\AuthController->processLogin()
#8 C:\xampp\htdocs\Github\DPR_241511072_2C_ErsyaHasbySatria\system\CodeIgniter.php(507): CodeIgniter\CodeIgniter->runController(Object(App\Controllers\AuthController))
#9 C:\xampp\htdocs\Github\DPR_241511072_2C_ErsyaHasbySatria\system\CodeIgniter.php(354): CodeIgniter\CodeIgniter->handleRequest(NULL, Object(Config\Cache), false)
#10 C:\xampp\htdocs\Github\DPR_241511072_2C_ErsyaHasbySatria\system\Boot.php(363): CodeIgniter\CodeIgniter->run()
#11 C:\xampp\htdocs\Github\DPR_241511072_2C_ErsyaHasbySatria\system\Boot.php(68): CodeIgniter\Boot::runCodeIgniter(Object(CodeIgniter\CodeIgniter))
#12 C:\xampp\htdocs\Github\DPR_241511072_2C_ErsyaHasbySatria\public\index.php(59): CodeIgniter\Boot::bootWeb(Object(Config\Paths))
#13 C:\xampp\htdocs\Github\DPR_241511072_2C_ErsyaHasbySatria\system\rewrite.php(44): require_once('C:\\xampp\\htdocs...')
#14 {main}
CRITICAL - 2025-10-03 13:10:13 --> CodeIgniter\Database\Exceptions\DatabaseException: Unable to connect to the database.
Main connection [MySQLi]: Access denied for user ''@'localhost' (using password: NO)
[Method: POST, Route: login]
in SYSTEMPATH\Database\BaseConnection.php on line 465.
 1 SYSTEMPATH\Database\BaseConnection.php(614): CodeIgniter\Database\BaseConnection->initialize()
 2 SYSTEMPATH\Database\BaseBuilder.php(1649): CodeIgniter\Database\BaseConnection->query('SELECT *
FROM `pengguna`
WHERE `username` = :username:
 LIMIT 1', [...], false)
 3 SYSTEMPATH\Model.php(330): CodeIgniter\Database\BaseBuilder->get()
 4 SYSTEMPATH\BaseModel.php(715): CodeIgniter\Model->doFirst()
 5 APPPATH\Models\PenggunaModel.php(15): CodeIgniter\BaseModel->first()
 6 APPPATH\Controllers\AuthController.php(42): App\Models\PenggunaModel->getUserByUsername('admin')
 7 SYSTEMPATH\CodeIgniter.php(933): App\Controllers\AuthController->processLogin()
 8 SYSTEMPATH\CodeIgniter.php(507): CodeIgniter\CodeIgniter->runController(Object(App\Controllers\AuthController))
 9 SYSTEMPATH\CodeIgniter.php(354): CodeIgniter\CodeIgniter->handleRequest(null, Object(Config\Cache), false)
10 SYSTEMPATH\Boot.php(363): CodeIgniter\CodeIgniter->run()
11 SYSTEMPATH\Boot.php(68): CodeIgniter\Boot::runCodeIgniter(Object(CodeIgniter\CodeIgniter))
12 FCPATH\index.php(59): CodeIgniter\Boot::bootWeb(Object(Config\Paths))
13 SYSTEMPATH\rewrite.php(44): require_once('C:\\xampp\\htdocs\\Github\\DPR_241511072_2C_ErsyaHasbySatria\\public\\index.php')
ERROR - 2025-10-03 13:10:33 --> Error connecting to the database: mysqli_sql_exception: Access denied for user ''@'localhost' (using password: NO) in C:\xampp\htdocs\Github\DPR_241511072_2C_ErsyaHasbySatria\system\Database\MySQLi\Connection.php:201
Stack trace:
#0 C:\xampp\htdocs\Github\DPR_241511072_2C_ErsyaHasbySatria\system\Database\MySQLi\Connection.php(201): mysqli->real_connect('localhost', '', Object(SensitiveParameterValue), '', 3306, '', 0)
#1 C:\xampp\htdocs\Github\DPR_241511072_2C_ErsyaHasbySatria\system\Database\BaseConnection.php(419): CodeIgniter\Database\MySQLi\Connection->connect(false)
#2 C:\xampp\htdocs\Github\DPR_241511072_2C_ErsyaHasbySatria\system\Database\BaseConnection.php(614): CodeIgniter\Database\BaseConnection->initialize()
#3 C:\xampp\htdocs\Github\DPR_241511072_2C_ErsyaHasbySatria\system\Database\BaseBuilder.php(1649): CodeIgniter\Database\BaseConnection->query('SELECT *\nFROM `...', Array, false)
#4 C:\xampp\htdocs\Github\DPR_241511072_2C_ErsyaHasbySatria\system\Model.php(330): CodeIgniter\Database\BaseBuilder->get()
#5 C:\xampp\htdocs\Github\DPR_241511072_2C_ErsyaHasbySatria\system\BaseModel.php(715): CodeIgniter\Model->doFirst()
#6 C:\xampp\htdocs\Github\DPR_241511072_2C_ErsyaHasbySatria\app\Models\PenggunaModel.php(15): CodeIgniter\BaseModel->first()
#7 C:\xampp\htdocs\Github\DPR_241511072_2C_ErsyaHasbySatria\app\Controllers\AuthController.php(42): App\Models\PenggunaModel->getUserByUsername('admin')
#8 C:\xampp\htdocs\Github\DPR_241511072_2C_ErsyaHasbySatria\system\CodeIgniter.php(933): App\Controllers\AuthController->processLogin()
#9 C:\xampp\htdocs\Github\DPR_241511072_2C_ErsyaHasbySatria\system\CodeIgniter.php(507): CodeIgniter\CodeIgniter->runController(Object(App\Controllers\AuthController))
#10 C:\xampp\htdocs\Github\DPR_241511072_2C_ErsyaHasbySatria\system\CodeIgniter.php(354): CodeIgniter\CodeIgniter->handleRequest(NULL, Object(Config\Cache), false)
#11 C:\xampp\htdocs\Github\DPR_241511072_2C_ErsyaHasbySatria\system\Boot.php(363): CodeIgniter\CodeIgniter->run()
#12 C:\xampp\htdocs\Github\DPR_241511072_2C_ErsyaHasbySatria\system\Boot.php(68): CodeIgniter\Boot::runCodeIgniter(Object(CodeIgniter\CodeIgniter))
#13 C:\xampp\htdocs\Github\DPR_241511072_2C_ErsyaHasbySatria\public\index.php(59): CodeIgniter\Boot::bootWeb(Object(Config\Paths))
#14 C:\xampp\htdocs\Github\DPR_241511072_2C_ErsyaHasbySatria\system\rewrite.php(44): require_once('C:\\xampp\\htdocs...')
#15 {main}

Next CodeIgniter\Database\Exceptions\DatabaseException: Access denied for user ''@'localhost' (using password: NO) in C:\xampp\htdocs\Github\DPR_241511072_2C_ErsyaHasbySatria\system\Database\MySQLi\Connection.php:246
Stack trace:
#0 C:\xampp\htdocs\Github\DPR_241511072_2C_ErsyaHasbySatria\system\Database\BaseConnection.php(419): CodeIgniter\Database\MySQLi\Connection->connect(false)
#1 C:\xampp\htdocs\Github\DPR_241511072_2C_ErsyaHasbySatria\system\Database\BaseConnection.php(614): CodeIgniter\Database\BaseConnection->initialize()
#2 C:\xampp\htdocs\Github\DPR_241511072_2C_ErsyaHasbySatria\system\Database\BaseBuilder.php(1649): CodeIgniter\Database\BaseConnection->query('SELECT *\nFROM `...', Array, false)
#3 C:\xampp\htdocs\Github\DPR_241511072_2C_ErsyaHasbySatria\system\Model.php(330): CodeIgniter\Database\BaseBuilder->get()
#4 C:\xampp\htdocs\Github\DPR_241511072_2C_ErsyaHasbySatria\system\BaseModel.php(715): CodeIgniter\Model->doFirst()
#5 C:\xampp\htdocs\Github\DPR_241511072_2C_ErsyaHasbySatria\app\Models\PenggunaModel.php(15): CodeIgniter\BaseModel->first()
#6 C:\xampp\htdocs\Github\DPR_241511072_2C_ErsyaHasbySatria\app\Controllers\AuthController.php(42): App\Models\PenggunaModel->getUserByUsername('admin')
#7 C:\xampp\htdocs\Github\DPR_241511072_2C_ErsyaHasbySatria\system\CodeIgniter.php(933): App\Controllers\AuthController->processLogin()
#8 C:\xampp\htdocs\Github\DPR_241511072_2C_ErsyaHasbySatria\system\CodeIgniter.php(507): CodeIgniter\CodeIgniter->runController(Object(App\Controllers\AuthController))
#9 C:\xampp\htdocs\Github\DPR_241511072_2C_ErsyaHasbySatria\system\CodeIgniter.php(354): CodeIgniter\CodeIgniter->handleRequest(NULL, Object(Config\Cache), false)
#10 C:\xampp\htdocs\Github\DPR_241511072_2C_ErsyaHasbySatria\system\Boot.php(363): CodeIgniter\CodeIgniter->run()
#11 C:\xampp\htdocs\Github\DPR_241511072_2C_ErsyaHasbySatria\system\Boot.php(68): CodeIgniter\Boot::runCodeIgniter(Object(CodeIgniter\CodeIgniter))
#12 C:\xampp\htdocs\Github\DPR_241511072_2C_ErsyaHasbySatria\public\index.php(59): CodeIgniter\Boot::bootWeb(Object(Config\Paths))
#13 C:\xampp\htdocs\Github\DPR_241511072_2C_ErsyaHasbySatria\system\rewrite.php(44): require_once('C:\\xampp\\htdocs...')
#14 {main}
CRITICAL - 2025-10-03 13:10:33 --> CodeIgniter\Database\Exceptions\DatabaseException: Unable to connect to the database.
Main connection [MySQLi]: Access denied for user ''@'localhost' (using password: NO)
[Method: POST, Route: login]
in SYSTEMPATH\Database\BaseConnection.php on line 465.
 1 SYSTEMPATH\Database\BaseConnection.php(614): CodeIgniter\Database\BaseConnection->initialize()
 2 SYSTEMPATH\Database\BaseBuilder.php(1649): CodeIgniter\Database\BaseConnection->query('SELECT *
FROM `pengguna`
WHERE `username` = :username:
 LIMIT 1', [...], false)
 3 SYSTEMPATH\Model.php(330): CodeIgniter\Database\BaseBuilder->get()
 4 SYSTEMPATH\BaseModel.php(715): CodeIgniter\Model->doFirst()
 5 APPPATH\Models\PenggunaModel.php(15): CodeIgniter\BaseModel->first()
 6 APPPATH\Controllers\AuthController.php(42): App\Models\PenggunaModel->getUserByUsername('admin')
 7 SYSTEMPATH\CodeIgniter.php(933): App\Controllers\AuthController->processLogin()
 8 SYSTEMPATH\CodeIgniter.php(507): CodeIgniter\CodeIgniter->runController(Object(App\Controllers\AuthController))
 9 SYSTEMPATH\CodeIgniter.php(354): CodeIgniter\CodeIgniter->handleRequest(null, Object(Config\Cache), false)
10 SYSTEMPATH\Boot.php(363): CodeIgniter\CodeIgniter->run()
11 SYSTEMPATH\Boot.php(68): CodeIgniter\Boot::runCodeIgniter(Object(CodeIgniter\CodeIgniter))
12 FCPATH\index.php(59): CodeIgniter\Boot::bootWeb(Object(Config\Paths))
13 SYSTEMPATH\rewrite.php(44): require_once('C:\\xampp\\htdocs\\Github\\DPR_241511072_2C_ErsyaHasbySatria\\public\\index.php')
DEBUG - 2025-10-03 13:12:50 --> Session: Class initialized using 'CodeIgniter\Session\Handlers\FileHandler' driver.
WARNING - 2025-10-03 13:12:50 --> [DEPRECATED] Creation of dynamic property App\Controllers\AuthController::$session is deprecated in APPPATH\Controllers\AuthController.php on line 15.
 1 SYSTEMPATH\CodeIgniter.php(903): App\Controllers\AuthController->__construct()
 2 SYSTEMPATH\CodeIgniter.php(498): CodeIgniter\CodeIgniter->createController()
 3 SYSTEMPATH\CodeIgniter.php(354): CodeIgniter\CodeIgniter->handleRequest(null, Object(Config\Cache), false)
 4 SYSTEMPATH\Boot.php(363): CodeIgniter\CodeIgniter->run()
 5 SYSTEMPATH\Boot.php(68): CodeIgniter\Boot::runCodeIgniter(Object(CodeIgniter\CodeIgniter))
 6 FCPATH\index.php(59): CodeIgniter\Boot::bootWeb(Object(Config\Paths))
 7 SYSTEMPATH\rewrite.php(44): require_once('C:\\xampp\\htdocs\\Github\\DPR_241511072_2C_ErsyaHasbySatria\\public\\index.php')
DEBUG - 2025-10-03 13:12:56 --> Session: Class initialized using 'CodeIgniter\Session\Handlers\FileHandler' driver.
WARNING - 2025-10-03 13:12:56 --> [DEPRECATED] Creation of dynamic property App\Controllers\AuthController::$session is deprecated in APPPATH\Controllers\AuthController.php on line 15.
 1 SYSTEMPATH\CodeIgniter.php(903): App\Controllers\AuthController->__construct()
 2 SYSTEMPATH\CodeIgniter.php(498): CodeIgniter\CodeIgniter->createController()
 3 SYSTEMPATH\CodeIgniter.php(354): CodeIgniter\CodeIgniter->handleRequest(null, Object(Config\Cache), false)
 4 SYSTEMPATH\Boot.php(363): CodeIgniter\CodeIgniter->run()
 5 SYSTEMPATH\Boot.php(68): CodeIgniter\Boot::runCodeIgniter(Object(CodeIgniter\CodeIgniter))
 6 FCPATH\index.php(59): CodeIgniter\Boot::bootWeb(Object(Config\Paths))
 7 SYSTEMPATH\rewrite.php(44): require_once('C:\\xampp\\htdocs\\Github\\DPR_241511072_2C_ErsyaHasbySatria\\public\\index.php')
DEBUG - 2025-10-03 13:12:56 --> Session: Class initialized using 'CodeIgniter\Session\Handlers\FileHandler' driver.
DEBUG - 2025-10-03 13:13:00 --> Session: Class initialized using 'CodeIgniter\Session\Handlers\FileHandler' driver.
WARNING - 2025-10-03 13:13:00 --> [DEPRECATED] Creation of dynamic property App\Controllers\AuthController::$session is deprecated in APPPATH\Controllers\AuthController.php on line 15.
 1 SYSTEMPATH\CodeIgniter.php(903): App\Controllers\AuthController->__construct()
 2 SYSTEMPATH\CodeIgniter.php(498): CodeIgniter\CodeIgniter->createController()
 3 SYSTEMPATH\CodeIgniter.php(354): CodeIgniter\CodeIgniter->handleRequest(null, Object(Config\Cache), false)
 4 SYSTEMPATH\Boot.php(363): CodeIgniter\CodeIgniter->run()
 5 SYSTEMPATH\Boot.php(68): CodeIgniter\Boot::runCodeIgniter(Object(CodeIgniter\CodeIgniter))
 6 FCPATH\index.php(59): CodeIgniter\Boot::bootWeb(Object(Config\Paths))
 7 SYSTEMPATH\rewrite.php(44): require_once('C:\\xampp\\htdocs\\Github\\DPR_241511072_2C_ErsyaHasbySatria\\public\\index.php')
DEBUG - 2025-10-03 13:13:00 --> Session: Class initialized using 'CodeIgniter\Session\Handlers\FileHandler' driver.
WARNING - 2025-10-03 13:13:00 --> [DEPRECATED] Creation of dynamic property App\Controllers\AuthController::$session is deprecated in APPPATH\Controllers\AuthController.php on line 15.
 1 SYSTEMPATH\CodeIgniter.php(903): App\Controllers\AuthController->__construct()
 2 SYSTEMPATH\CodeIgniter.php(498): CodeIgniter\CodeIgniter->createController()
 3 SYSTEMPATH\CodeIgniter.php(354): CodeIgniter\CodeIgniter->handleRequest(null, Object(Config\Cache), false)
 4 SYSTEMPATH\Boot.php(363): CodeIgniter\CodeIgniter->run()
 5 SYSTEMPATH\Boot.php(68): CodeIgniter\Boot::runCodeIgniter(Object(CodeIgniter\CodeIgniter))
 6 FCPATH\index.php(59): CodeIgniter\Boot::bootWeb(Object(Config\Paths))
 7 SYSTEMPATH\rewrite.php(44): require_once('C:\\xampp\\htdocs\\Github\\DPR_241511072_2C_ErsyaHasbySatria\\public\\index.php')
DEBUG - 2025-10-03 13:13:20 --> Session: Class initialized using 'CodeIgniter\Session\Handlers\FileHandler' driver.
WARNING - 2025-10-03 13:13:20 --> [DEPRECATED] Creation of dynamic property App\Controllers\AuthController::$session is deprecated in APPPATH\Controllers\AuthController.php on line 15.
 1 SYSTEMPATH\CodeIgniter.php(903): App\Controllers\AuthController->__construct()
 2 SYSTEMPATH\CodeIgniter.php(498): CodeIgniter\CodeIgniter->createController()
 3 SYSTEMPATH\CodeIgniter.php(354): CodeIgniter\CodeIgniter->handleRequest(null, Object(Config\Cache), false)
 4 SYSTEMPATH\Boot.php(363): CodeIgniter\CodeIgniter->run()
 5 SYSTEMPATH\Boot.php(68): CodeIgniter\Boot::runCodeIgniter(Object(CodeIgniter\CodeIgniter))
 6 FCPATH\index.php(59): CodeIgniter\Boot::bootWeb(Object(Config\Paths))
 7 SYSTEMPATH\rewrite.php(44): require_once('C:\\xampp\\htdocs\\Github\\DPR_241511072_2C_ErsyaHasbySatria\\public\\index.php')
DEBUG - 2025-10-03 13:13:20 --> Session: Class initialized using 'CodeIgniter\Session\Handlers\FileHandler' driver.
